--- USB AutoLoader --- 07/10/2023 09:02:02
/home/batela/usb-automount.log
--/media/batela/USB DISK--
File found
holas
holas
IP
IP
192.168.11.13
Valid LINE
192.168.11.13
GTW
GTW
192.68.1.11
Valid LINE
192.68.1.11
MASK
MASK
255.255.101.0
Valid LINE
255.255.101.0
adios
adios
File is correct 6
done!!
--- USB AutoLoader --- 07/10/2023 09:04:15
/home/batela/usb-automount.log
--/media/batela/USB DISK--
--- USB AutoLoader --- 07/10/2023 09:16:19
/home/batela/usb-automount.log
--/media/batela/USB DISK--
File found
--- USB AutoLoader --- 07/10/2023 09:18:30
/home/batela/usb-automount.log
--/media/batela/USB DISK--
File found
holas
holas
IP
IP
192.168.11.13
Valid LINE
192.168.11.13
GTW
GTW
192.68.1.11
Valid LINE
192.68.1.11
MASK
MASK
255.255.101.0
Valid LINE
255.255.101.0
adios
adios
File is correct 6
done!!
--- USB AutoLoader --- 10/10/2023 23:10:49
/home/batela/usb-automount.log
--/media/batela/66181078-3393-4d65-bae1-8e21a434c5b5--
done!!
